TN:
SF:C:/Users/Epic/PhpstormProjects/questioner/app.js
FN:14,(anonymous_1)
FN:21,(anonymous_2)
FNF:2
FNH:2
FNDA:15,(anonymous_1)
FNDA:14,(anonymous_2)
DA:1,2
DA:2,2
DA:3,2
DA:4,2
DA:5,2
DA:6,2
DA:7,2
DA:8,2
DA:14,2
DA:15,15
DA:17,2
DA:18,2
DA:21,2
DA:22,14
DA:23,14
DA:25,14
DA:26,0
DA:27,0
DA:29,14
DA:31,2
DA:32,2
DA:33,2
LF:22
LH:20
BRDA:25,0,0,0
BRDA:25,0,1,14
BRF:2
BRH:1
end_of_record
TN:
SF:C:/Users/Epic/PhpstormProjects/questioner/server.js
FN:5,(anonymous_0)
FNF:1
FNH:1
FNDA:1,(anonymous_0)
DA:1,1
DA:2,1
DA:3,1
DA:4,1
DA:5,1
DA:6,1
DA:8,1
LF:7
LH:7
BRDA:3,0,0,1
BRDA:3,0,1,1
BRF:2
BRH:2
end_of_record
TN:
SF:C:/Users/Epic/PhpstormProjects/questioner/lib/routes/meetups.js
FN:37,listMeetups
FN:42,(anonymous_2)
FN:55,createMeetup
FN:64,rsvp
FN:67,(anonymous_5)
FN:70,(anonymous_6)
FN:79,getAllUpcoming
FN:81,(anonymous_8)
FN:89,(anonymous_9)
FN:100,(anonymous_10)
FN:112,(anonymous_11)
FN:129,(anonymous_12)
FN:155,(anonymous_13)
FNF:13
FNH:10
FNDA:4,listMeetups
FNDA:7,(anonymous_2)
FNDA:1,createMeetup
FNDA:2,rsvp
FNDA:5,(anonymous_5)
FNDA:5,(anonymous_6)
FNDA:0,getAllUpcoming
FNDA:0,(anonymous_8)
FNDA:1,(anonymous_9)
FNDA:0,(anonymous_10)
FNDA:2,(anonymous_11)
FNDA:2,(anonymous_12)
FNDA:2,(anonymous_13)
DA:1,2
DA:2,2
DA:3,2
DA:24,2
DA:37,8
DA:38,4
DA:39,4
DA:40,4
DA:41,3
DA:42,7
DA:44,0
DA:47,1
DA:49,4
DA:56,1
DA:65,2
DA:67,5
DA:68,2
DA:69,2
DA:70,5
DA:71,2
DA:73,0
DA:81,0
DA:89,2
DA:90,1
DA:91,1
DA:100,2
DA:101,0
DA:102,0
DA:112,2
DA:113,2
DA:114,2
DA:115,1
DA:120,1
DA:129,2
DA:130,2
DA:131,1
DA:132,1
DA:133,1
DA:134,1
DA:139,0
DA:145,1
DA:155,2
DA:156,2
DA:158,2
DA:159,1
DA:164,1
DA:171,2
LF:47
LH:41
BRDA:37,0,0,3
BRDA:37,0,1,1
BRDA:37,1,0,4
BRDA:37,1,1,3
BRDA:37,2,0,3
BRDA:37,2,1,1
BRDA:37,3,0,4
BRDA:37,3,1,3
BRDA:40,4,0,3
BRDA:40,4,1,1
BRDA:41,5,0,3
BRDA:41,5,1,0
BRDA:68,6,0,2
BRDA:68,6,1,0
BRDA:114,7,0,1
BRDA:114,7,1,1
BRDA:130,8,0,1
BRDA:130,8,1,1
BRDA:133,9,0,1
BRDA:133,9,1,0
BRDA:158,10,0,1
BRDA:158,10,1,1
BRF:22
BRH:19
end_of_record
TN:
SF:C:/Users/Epic/PhpstormProjects/questioner/lib/routes/questions.js
FN:32,add
FN:41,listQuestions
FN:46,(anonymous_3)
FN:53,(anonymous_4)
FN:59,upVote
FN:63,(anonymous_6)
FN:81,downVote
FN:85,(anonymous_8)
FN:105,(anonymous_9)
FN:122,(anonymous_10)
FN:139,(anonymous_11)
FN:165,(anonymous_12)
FNF:12
FNH:12
FNDA:1,add
FNDA:2,listQuestions
FNDA:3,(anonymous_3)
FNDA:1,(anonymous_4)
FNDA:1,upVote
FNDA:3,(anonymous_6)
FNDA:3,downVote
FNDA:9,(anonymous_8)
FNDA:3,(anonymous_9)
FNDA:1,(anonymous_10)
FNDA:2,(anonymous_11)
FNDA:1,(anonymous_12)
DA:1,2
DA:2,2
DA:3,2
DA:33,1
DA:41,4
DA:42,2
DA:43,2
DA:44,2
DA:45,1
DA:46,3
DA:48,0
DA:51,1
DA:53,2
DA:60,1
DA:61,1
DA:62,1
DA:63,1
DA:64,3
DA:65,1
DA:66,1
DA:67,1
DA:69,2
DA:72,0
DA:75,1
DA:82,3
DA:83,3
DA:84,3
DA:85,3
DA:86,9
DA:87,1
DA:88,1
DA:89,1
DA:91,8
DA:94,0
DA:97,3
DA:105,2
DA:106,3
DA:107,3
DA:108,1
DA:113,2
DA:122,2
DA:123,1
DA:124,1
DA:125,1
DA:130,0
DA:139,2
DA:140,2
DA:141,2
DA:142,1
DA:143,1
DA:144,1
DA:145,1
DA:150,0
DA:156,1
DA:165,2
DA:166,1
DA:167,1
DA:173,2
LF:58
LH:53
BRDA:41,0,0,1
BRDA:41,0,1,1
BRDA:41,1,0,2
BRDA:41,1,1,1
BRDA:41,2,0,1
BRDA:41,2,1,1
BRDA:41,3,0,2
BRDA:41,3,1,1
BRDA:44,4,0,1
BRDA:44,4,1,1
BRDA:45,5,0,1
BRDA:45,5,1,0
BRDA:62,6,0,1
BRDA:62,6,1,0
BRDA:64,7,0,1
BRDA:64,7,1,2
BRDA:84,8,0,3
BRDA:84,8,1,0
BRDA:86,9,0,1
BRDA:86,9,1,8
BRDA:107,10,0,1
BRDA:107,10,1,2
BRDA:124,11,0,1
BRDA:124,11,1,0
BRDA:141,12,0,1
BRDA:141,12,1,1
BRDA:144,13,0,1
BRDA:144,13,1,0
BRF:28
BRH:23
end_of_record
